arithmetic_block_wrappers/f_add.sv:40: warning: Port 12 (SetFflagsM) of wally_fpu expects 5 bits, got 1.
arithmetic_block_wrappers/f_add.sv:40:        : Padding 4 high bits of the port.
arithmetic_block_wrappers/f_add.sv:40: warning: Port 12 (SetFflagsM) of wally_fpu expects 5 bits, got 1.
arithmetic_block_wrappers/f_add.sv:40:        : Padding 4 high bits of the port.
VCD info: dumpfile dump.vcd opened for output.
VCD warning: $dumpvars: Package ($unit) is not dumpable with VCD.
--------------------------------------------------
Running testbench.run
testbench.sv time      10 cycle     0                                         
testbench.sv time      20 cycle     1                                         
testbench.sv time      30 cycle     2                                         
testbench.sv time      40 cycle     3 rst                                     
testbench.sv time      50 cycle     4 rst                                     
testbench.sv time      60 cycle     5 rst                                     
********** Direct testing - a single test
testbench.sv time      70 cycle     6     arg a:1 b:4 c:3
testbench.sv time      80 cycle     7                                         
testbench.sv time      90 cycle     8                                         
testbench.sv time     100 cycle     9                                         
testbench.sv time     110 cycle    10                                         
testbench.sv time     120 cycle    11                                         
testbench.sv time     130 cycle    12                                         
testbench.sv time     140 cycle    13                                         
testbench.sv time     150 cycle    14                                         
testbench.sv time     160 cycle    15                                         
testbench.sv time     170 cycle    16                                         
testbench.sv time     180 cycle    17                                         
testbench.sv time     190 cycle    18                                         
testbench.sv time     200 cycle    19                                         
testbench.sv time     210 cycle    20                                         
testbench.sv time     220 cycle    21                                         
testbench.sv time     230 cycle    22                                         
testbench.sv time     240 cycle    23                                         
testbench.sv time     250 cycle    24                                         
testbench.sv time     260 cycle    25                                         
testbench.sv time     270 cycle    26                                         
testbench.sv time     280 cycle    27                                         
testbench.sv time     290 cycle    28                                         
testbench.sv time     300 cycle    29                                         
testbench.sv time     310 cycle    30                                         
testbench.sv time     320 cycle    31                                         
testbench.sv time     330 cycle    32                                         
testbench.sv time     340 cycle    33                                         
testbench.sv time     350 cycle    34                                         
testbench.sv time     360 cycle    35                                         
testbench.sv time     370 cycle    36                                         
testbench.sv time     380 cycle    37                                         
testbench.sv time     390 cycle    38                                         
testbench.sv time     400 cycle    39                                         
testbench.sv time     410 cycle    40                                         
testbench.sv time     420 cycle    41                                         
testbench.sv time     430 cycle    42                                         
testbench.sv time     440 cycle    43                                         
testbench.sv time     450 cycle    44                                         
testbench.sv time     460 cycle    45                                         
testbench.sv time     470 cycle    46                                         
testbench.sv time     480 cycle    47                                         
testbench.sv time     490 cycle    48                                         
testbench.sv time     500 cycle    49                                         
testbench.sv time     510 cycle    50                                         
testbench.sv time     520 cycle    51                                         
testbench.sv time     530 cycle    52                                         
testbench.sv time     540 cycle    53                                         
testbench.sv time     550 cycle    54                                         
testbench.sv time     560 cycle    55                                         
testbench.sv time     570 cycle    56                                         
testbench.sv time     580 cycle    57                                         
testbench.sv time     590 cycle    58                                         
testbench.sv time     600 cycle    59                                         
testbench.sv time     610 cycle    60                                         
testbench.sv time     620 cycle    61                                         
testbench.sv time     630 cycle    62                                         
testbench.sv time     640 cycle    63                                         
testbench.sv time     650 cycle    64                                         
testbench.sv time     660 cycle    65                                         
testbench.sv time     670 cycle    66                                         
testbench.sv time     680 cycle    67                                         
testbench.sv time     690 cycle    68                                         
testbench.sv time     700 cycle    69                                         
testbench.sv time     710 cycle    70                                         
testbench.sv time     720 cycle    71                                         
testbench.sv time     730 cycle    72                                         
testbench.sv time     740 cycle    73                                         
testbench.sv time     750 cycle    74                                         
testbench.sv time     760 cycle    75                                         
testbench.sv time     770 cycle    76                                         
testbench.sv time     780 cycle    77                                         
testbench.sv time     790 cycle    78                                         
testbench.sv time     800 cycle    79                                         
testbench.sv time     810 cycle    80                                         
testbench.sv time     820 cycle    81                                         
testbench.sv time     830 cycle    82                                         
testbench.sv time     840 cycle    83                                         
testbench.sv time     850 cycle    84                                         
testbench.sv time     860 cycle    85                                         
testbench.sv time     870 cycle    86                                         
testbench.sv time     880 cycle    87                                         
testbench.sv time     890 cycle    88                                         
testbench.sv time     900 cycle    89                                         
testbench.sv time     910 cycle    90                                         
testbench.sv time     920 cycle    91                                         
testbench.sv time     930 cycle    92                                         
testbench.sv time     940 cycle    93                                         
testbench.sv time     950 cycle    94                                         
testbench.sv time     960 cycle    95                                         
testbench.sv time     970 cycle    96                                         
testbench.sv time     980 cycle    97                                         
testbench.sv time     990 cycle    98                                         
testbench.sv time    1000 cycle    99                                         
testbench.sv time    1010 cycle   100                                         
testbench.sv time    1020 cycle   101                                         
testbench.sv time    1030 cycle   102                                         
testbench.sv time    1040 cycle   103                                         
testbench.sv time    1050 cycle   104                                         
testbench.sv time    1060 cycle   105                                         
testbench.sv time    1070 cycle   106                                         
testbench.sv time    1080 cycle   107                                         
testbench.sv time    1090 cycle   108                                         
testbench.sv time    1100 cycle   109                                         
testbench.sv time    1110 cycle   110                                         
testbench.sv time    1120 cycle   111                                         
testbench.sv time    1130 cycle   112                                         
testbench.sv time    1140 cycle   113                                         
testbench.sv time    1150 cycle   114                                         
testbench.sv time    1160 cycle   115                                         
testbench.sv time    1170 cycle   116                                         
testbench.sv time    1180 cycle   117                                         
testbench.sv time    1190 cycle   118                                         
testbench.sv time    1200 cycle   119                                         
testbench.sv time    1210 cycle   120                                         
testbench.sv time    1220 cycle   121                                         
testbench.sv time    1230 cycle   122                                         
********** nan and inf - a single test
testbench.sv time    1240 cycle   123     arg a:1 b:nan c:4
testbench.sv time    1250 cycle   124                                         
testbench.sv time    1260 cycle   125                                         
testbench.sv time    1270 cycle   126                                         
testbench.sv time    1280 cycle   127                                         
testbench.sv time    1290 cycle   128                                         
testbench.sv time    1300 cycle   129                                         
testbench.sv time    1310 cycle   130                                         
testbench.sv time    1320 cycle   131                                         
testbench.sv time    1330 cycle   132                                         
testbench.sv time    1340 cycle   133                                         
testbench.sv time    1350 cycle   134                                         
testbench.sv time    1360 cycle   135                                         
testbench.sv time    1370 cycle   136                                         
testbench.sv time    1380 cycle   137                                         
testbench.sv time    1390 cycle   138                                         
testbench.sv time    1400 cycle   139                                         
testbench.sv time    1410 cycle   140                                         
testbench.sv time    1420 cycle   141                                         
testbench.sv time    1430 cycle   142                                         
testbench.sv time    1440 cycle   143                                         
testbench.sv time    1450 cycle   144                                         
testbench.sv time    1460 cycle   145                                         
testbench.sv time    1470 cycle   146                                         
testbench.sv time    1480 cycle   147                                         
testbench.sv time    1490 cycle   148                                         
testbench.sv time    1500 cycle   149                                         
testbench.sv time    1510 cycle   150                                         
testbench.sv time    1520 cycle   151                                         
testbench.sv time    1530 cycle   152                                         
testbench.sv time    1540 cycle   153                                         
testbench.sv time    1550 cycle   154                                         
testbench.sv time    1560 cycle   155                                         
testbench.sv time    1570 cycle   156                                         
testbench.sv time    1580 cycle   157                                         
testbench.sv time    1590 cycle   158                                         
testbench.sv time    1600 cycle   159                                         
testbench.sv time    1610 cycle   160                                         
testbench.sv time    1620 cycle   161                                         
testbench.sv time    1630 cycle   162                                         
testbench.sv time    1640 cycle   163                                         
testbench.sv time    1650 cycle   164                                         
testbench.sv time    1660 cycle   165                                         
testbench.sv time    1670 cycle   166                                         
testbench.sv time    1680 cycle   167                                         
testbench.sv time    1690 cycle   168                                         
testbench.sv time    1700 cycle   169                                         
testbench.sv time    1710 cycle   170                                         
testbench.sv time    1720 cycle   171                                         
testbench.sv time    1730 cycle   172                                         
testbench.sv time    1740 cycle   173                                         
testbench.sv time    1750 cycle   174                                         
testbench.sv time    1760 cycle   175                                         
testbench.sv time    1770 cycle   176                                         
testbench.sv time    1780 cycle   177                                         
testbench.sv time    1790 cycle   178                                         
testbench.sv time    1800 cycle   179                                         
testbench.sv time    1810 cycle   180                                         
testbench.sv time    1820 cycle   181                                         
testbench.sv time    1830 cycle   182                                         
testbench.sv time    1840 cycle   183                                         
testbench.sv time    1850 cycle   184                                         
testbench.sv time    1860 cycle   185                                         
testbench.sv time    1870 cycle   186                                         
testbench.sv time    1880 cycle   187                                         
testbench.sv time    1890 cycle   188                                         
testbench.sv time    1900 cycle   189                                         
testbench.sv time    1910 cycle   190                                         
testbench.sv time    1920 cycle   191                                         
testbench.sv time    1930 cycle   192                                         
testbench.sv time    1940 cycle   193                                         
testbench.sv time    1950 cycle   194                                         
testbench.sv time    1960 cycle   195                                         
testbench.sv time    1970 cycle   196                                         
testbench.sv time    1980 cycle   197                                         
testbench.sv time    1990 cycle   198                                         
testbench.sv time    2000 cycle   199                                         
testbench.sv time    2010 cycle   200                                         
testbench.sv time    2020 cycle   201                                         
testbench.sv time    2030 cycle   202                                         
testbench.sv time    2040 cycle   203                                         
testbench.sv time    2050 cycle   204                                         
testbench.sv time    2060 cycle   205                                         
testbench.sv time    2070 cycle   206                                         
testbench.sv time    2080 cycle   207                                         
testbench.sv time    2090 cycle   208                                         
testbench.sv time    2100 cycle   209                                         
testbench.sv time    2110 cycle   210                                         
testbench.sv time    2120 cycle   211                                         
testbench.sv time    2130 cycle   212                                         
testbench.sv time    2140 cycle   213                                         
testbench.sv time    2150 cycle   214                                         
testbench.sv time    2160 cycle   215                                         
testbench.sv time    2170 cycle   216                                         
testbench.sv time    2180 cycle   217                                         
testbench.sv time    2190 cycle   218                                         
testbench.sv time    2200 cycle   219                                         
testbench.sv time    2210 cycle   220                                         
testbench.sv time    2220 cycle   221                                         
testbench.sv time    2230 cycle   222                                         
testbench.sv time    2240 cycle   223                                         
testbench.sv time    2250 cycle   224                                         
testbench.sv time    2260 cycle   225                                         
testbench.sv time    2270 cycle   226                                         
testbench.sv time    2280 cycle   227                                         
testbench.sv time    2290 cycle   228                                         
testbench.sv time    2300 cycle   229                                         
testbench.sv time    2310 cycle   230                                         
testbench.sv time    2320 cycle   231                                         
testbench.sv time    2330 cycle   232                                         
testbench.sv time    2340 cycle   233                                         
testbench.sv time    2350 cycle   234                                         
testbench.sv time    2360 cycle   235                                         
testbench.sv time    2370 cycle   236                                         
testbench.sv time    2380 cycle   237                                         
testbench.sv time    2390 cycle   238                                         
testbench.sv time    2400 cycle   239                                         
testbench.sv time    2410 cycle   240     arg a:1 b:inf c:4
testbench.sv time    2420 cycle   241                                         
testbench.sv time    2430 cycle   242                                         
testbench.sv time    2440 cycle   243                                         
testbench.sv time    2450 cycle   244                                         
testbench.sv time    2460 cycle   245                                         
testbench.sv time    2470 cycle   246                                         
testbench.sv time    2480 cycle   247                                         
testbench.sv time    2490 cycle   248                                         
testbench.sv time    2500 cycle   249                                         
testbench.sv time    2510 cycle   250                                         
testbench.sv time    2520 cycle   251                                         
testbench.sv time    2530 cycle   252                                         
testbench.sv time    2540 cycle   253                                         
testbench.sv time    2550 cycle   254                                         
testbench.sv time    2560 cycle   255                                         
testbench.sv time    2570 cycle   256                                         
testbench.sv time    2580 cycle   257                                         
testbench.sv time    2590 cycle   258                                         
testbench.sv time    2600 cycle   259                                         
testbench.sv time    2610 cycle   260                                         
testbench.sv time    2620 cycle   261                                         
testbench.sv time    2630 cycle   262                                         
testbench.sv time    2640 cycle   263                                         
testbench.sv time    2650 cycle   264                                         
testbench.sv time    2660 cycle   265                                         
testbench.sv time    2670 cycle   266                                         
testbench.sv time    2680 cycle   267                                         
testbench.sv time    2690 cycle   268                                         
testbench.sv time    2700 cycle   269                                         
testbench.sv time    2710 cycle   270                                         
testbench.sv time    2720 cycle   271                                         
testbench.sv time    2730 cycle   272                                         
testbench.sv time    2740 cycle   273                                         
testbench.sv time    2750 cycle   274                                         
testbench.sv time    2760 cycle   275                                         
testbench.sv time    2770 cycle   276                                         
testbench.sv time    2780 cycle   277                                         
testbench.sv time    2790 cycle   278                                         
testbench.sv time    2800 cycle   279                                         
testbench.sv time    2810 cycle   280                                         
testbench.sv time    2820 cycle   281                                         
testbench.sv time    2830 cycle   282                                         
testbench.sv time    2840 cycle   283                                         
testbench.sv time    2850 cycle   284                                         
testbench.sv time    2860 cycle   285                                         
testbench.sv time    2870 cycle   286                                         
testbench.sv time    2880 cycle   287                                         
testbench.sv time    2890 cycle   288                                         
testbench.sv time    2900 cycle   289                                         
testbench.sv time    2910 cycle   290                                         
testbench.sv time    2920 cycle   291                                         
testbench.sv time    2930 cycle   292                                         
testbench.sv time    2940 cycle   293                                         
testbench.sv time    2950 cycle   294                                         
testbench.sv time    2960 cycle   295                                         
testbench.sv time    2970 cycle   296                                         
testbench.sv time    2980 cycle   297                                         
testbench.sv time    2990 cycle   298                                         
testbench.sv time    3000 cycle   299                                         
testbench.sv time    3010 cycle   300                                         
testbench.sv time    3020 cycle   301                                         
testbench.sv time    3030 cycle   302                                         
testbench.sv time    3040 cycle   303                                         
testbench.sv time    3050 cycle   304                                         
testbench.sv time    3060 cycle   305                                         
testbench.sv time    3070 cycle   306                                         
testbench.sv time    3080 cycle   307                                         
testbench.sv time    3090 cycle   308                                         
testbench.sv time    3100 cycle   309                                         
testbench.sv time    3110 cycle   310                                         
testbench.sv time    3120 cycle   311                                         
testbench.sv time    3130 cycle   312                                         
testbench.sv time    3140 cycle   313                                         
testbench.sv time    3150 cycle   314                                         
testbench.sv time    3160 cycle   315                                         
testbench.sv time    3170 cycle   316                                         
testbench.sv time    3180 cycle   317                                         
testbench.sv time    3190 cycle   318                                         
testbench.sv time    3200 cycle   319                                         
testbench.sv time    3210 cycle   320                                         
testbench.sv time    3220 cycle   321                                         
testbench.sv time    3230 cycle   322                                         
testbench.sv time    3240 cycle   323                                         
testbench.sv time    3250 cycle   324                                         
testbench.sv time    3260 cycle   325                                         
testbench.sv time    3270 cycle   326                                         
testbench.sv time    3280 cycle   327                                         
testbench.sv time    3290 cycle   328                                         
testbench.sv time    3300 cycle   329                                         
testbench.sv time    3310 cycle   330                                         
testbench.sv time    3320 cycle   331                                         
testbench.sv time    3330 cycle   332                                         
testbench.sv time    3340 cycle   333                                         
testbench.sv time    3350 cycle   334                                         
testbench.sv time    3360 cycle   335                                         
testbench.sv time    3370 cycle   336                                         
testbench.sv time    3380 cycle   337                                         
testbench.sv time    3390 cycle   338                                         
testbench.sv time    3400 cycle   339                                         
testbench.sv time    3410 cycle   340                                         
testbench.sv time    3420 cycle   341                                         
testbench.sv time    3430 cycle   342                                         
testbench.sv time    3440 cycle   343                                         
testbench.sv time    3450 cycle   344                                         
testbench.sv time    3460 cycle   345                                         
testbench.sv time    3470 cycle   346                                         
testbench.sv time    3480 cycle   347                                         
testbench.sv time    3490 cycle   348                                         
testbench.sv time    3500 cycle   349                                         
testbench.sv time    3510 cycle   350                                         
testbench.sv time    3520 cycle   351                                         
testbench.sv time    3530 cycle   352                                         
testbench.sv time    3540 cycle   353                                         
testbench.sv time    3550 cycle   354                                         
testbench.sv time    3560 cycle   355                                         
testbench.sv time    3570 cycle   356                                         
********** Direct testing - a group of tests
testbench.sv time    3580 cycle   357     arg a:0 b:10 c:100
testbench.sv time    3590 cycle   358     arg a:1 b:11 c:101
testbench.sv time    3600 cycle   359     arg a:4 b:14 c:104
testbench.sv time    3610 cycle   360     arg a:13 b:23 c:113
testbench.sv time    3620 cycle   361                                         
testbench.sv time    3630 cycle   362     arg a:40 b:50 c:140
testbench.sv time    3640 cycle   363                                         
testbench.sv time    3650 cycle   364                                         
testbench.sv time    3660 cycle   365                                         
testbench.sv time    3670 cycle   366                                         
testbench.sv time    3680 cycle   367                                         
testbench.sv time    3690 cycle   368                                         
testbench.sv time    3700 cycle   369                                         
testbench.sv time    3710 cycle   370                                         
testbench.sv time    3720 cycle   371                                         
testbench.sv time    3730 cycle   372                                         
testbench.sv time    3740 cycle   373                                         
testbench.sv time    3750 cycle   374                                         
testbench.sv time    3760 cycle   375                                         
testbench.sv time    3770 cycle   376                                         
testbench.sv time    3780 cycle   377                                         
testbench.sv time    3790 cycle   378                                         
testbench.sv time    3800 cycle   379                                         
testbench.sv time    3810 cycle   380                                         
testbench.sv time    3820 cycle   381                                         
testbench.sv time    3830 cycle   382                                         
testbench.sv time    3840 cycle   383                                         
testbench.sv time    3850 cycle   384                                         
testbench.sv time    3860 cycle   385                                         
testbench.sv time    3870 cycle   386                                         
testbench.sv time    3880 cycle   387                                         
testbench.sv time    3890 cycle   388                                         
testbench.sv time    3900 cycle   389                                         
testbench.sv time    3910 cycle   390                                         
testbench.sv time    3920 cycle   391                                         
testbench.sv time    3930 cycle   392                                         
testbench.sv time    3940 cycle   393                                         
testbench.sv time    3950 cycle   394                                         
testbench.sv time    3960 cycle   395                                         
testbench.sv time    3970 cycle   396                                         
testbench.sv time    3980 cycle   397                                         
testbench.sv time    3990 cycle   398                                         
testbench.sv time    4000 cycle   399                                         
testbench.sv time    4010 cycle   400                                         
testbench.sv time    4020 cycle   401                                         
testbench.sv time    4030 cycle   402                                         
testbench.sv time    4040 cycle   403                                         
testbench.sv time    4050 cycle   404                                         
testbench.sv time    4060 cycle   405                                         
testbench.sv time    4070 cycle   406                                         
testbench.sv time    4080 cycle   407                                         
testbench.sv time    4090 cycle   408                                         
testbench.sv time    4100 cycle   409                                         
testbench.sv time    4110 cycle   410                                         
testbench.sv time    4120 cycle   411                                         
testbench.sv time    4130 cycle   412                                         
testbench.sv time    4140 cycle   413                                         
testbench.sv time    4150 cycle   414                                         
testbench.sv time    4160 cycle   415                                         
testbench.sv time    4170 cycle   416                                         
testbench.sv time    4180 cycle   417                                         
testbench.sv time    4190 cycle   418                                         
testbench.sv time    4200 cycle   419                                         
testbench.sv time    4210 cycle   420                                         
testbench.sv time    4220 cycle   421                                         
testbench.sv time    4230 cycle   422                                         
testbench.sv time    4240 cycle   423                                         
testbench.sv time    4250 cycle   424                                         
testbench.sv time    4260 cycle   425                                         
testbench.sv time    4270 cycle   426                                         
testbench.sv time    4280 cycle   427                                         
testbench.sv time    4290 cycle   428                                         
testbench.sv time    4300 cycle   429                                         
testbench.sv time    4310 cycle   430                                         
testbench.sv time    4320 cycle   431                                         
testbench.sv time    4330 cycle   432                                         
testbench.sv time    4340 cycle   433                                         
testbench.sv time    4350 cycle   434                                         
testbench.sv time    4360 cycle   435                                         
testbench.sv time    4370 cycle   436                                         
testbench.sv time    4380 cycle   437                                         
testbench.sv time    4390 cycle   438                                         
testbench.sv time    4400 cycle   439                                         
testbench.sv time    4410 cycle   440                                         
testbench.sv time    4420 cycle   441                                         
testbench.sv time    4430 cycle   442                                         
testbench.sv time    4440 cycle   443                                         
testbench.sv time    4450 cycle   444                                         
testbench.sv time    4460 cycle   445                                         
testbench.sv time    4470 cycle   446                                         
testbench.sv time    4480 cycle   447                                         
testbench.sv time    4490 cycle   448                                         
testbench.sv time    4500 cycle   449                                         
testbench.sv time    4510 cycle   450                                         
testbench.sv time    4520 cycle   451                                         
testbench.sv time    4530 cycle   452                                         
testbench.sv time    4540 cycle   453                                         
testbench.sv time    4550 cycle   454                                         
testbench.sv time    4560 cycle   455                                         
testbench.sv time    4570 cycle   456                                         
testbench.sv time    4580 cycle   457                                         
testbench.sv time    4590 cycle   458                                         
testbench.sv time    4600 cycle   459                                         
testbench.sv time    4610 cycle   460                                         
testbench.sv time    4620 cycle   461                                         
testbench.sv time    4630 cycle   462                                         
testbench.sv time    4640 cycle   463                                         
testbench.sv time    4650 cycle   464                                         
testbench.sv time    4660 cycle   465                                         
testbench.sv time    4670 cycle   466                                         
testbench.sv time    4680 cycle   467                                         
testbench.sv time    4690 cycle   468                                         
testbench.sv time    4700 cycle   469                                         
testbench.sv time    4710 cycle   470                                         
testbench.sv time    4720 cycle   471                                         
testbench.sv time    4730 cycle   472                                         
testbench.sv time    4740 cycle   473                                         
testbench.sv time    4750 cycle   474                                         
testbench.sv time    4760 cycle   475                                         
testbench.sv time    4770 cycle   476                                         
testbench.sv time    4780 cycle   477                                         
testbench.sv time    4790 cycle   478                                         
testbench.sv time    4800 cycle   479                                         
testbench.sv time    4810 cycle   480                                         
testbench.sv time    4820 cycle   481                                         
testbench.sv time    4830 cycle   482                                         
********** Constraint random values back-to-back
testbench.sv time    4840 cycle   483     arg a:24508.6 b:10827.4 c:758.144
testbench.sv time    4850 cycle   484     arg a:8378.34 b:22603 c:33365.4
testbench.sv time    4860 cycle   485     arg a:8516.09 b:1546.2 c:21634.7
testbench.sv time    4870 cycle   486     arg a:22622.9 b:31396.9 c:26600.9
testbench.sv time    4880 cycle   487     arg a:41411.1 b:33249 c:42445
testbench.sv time    4890 cycle   488     arg a:16645.6 b:16603.9 c:14273.6
testbench.sv time    4900 cycle   489     arg a:40716.2 b:10036.5 c:1543.27
testbench.sv time    4910 cycle   490     arg a:33541.9 b:41807 c:17358.3
testbench.sv time    4920 cycle   491     arg a:19461.9 b:16574.3 c:29250.2
testbench.sv time    4930 cycle   492     arg a:15863.7 b:3803.28 c:8498.15
testbench.sv time    4940 cycle   493     arg a:8377.72 b:22389.4 c:10776.2
testbench.sv time    4950 cycle   494     arg a:24224.8 b:35814.3 c:13220.4
testbench.sv time    4960 cycle   495     arg a:12604 b:1596.27 c:1129.98
testbench.sv time    4970 cycle   496     arg a:6988.65 b:30471.5 c:17892.7
testbench.sv time    4980 cycle   497     arg a:183.035 b:14652.7 c:23991.4
testbench.sv time    4990 cycle   498     arg a:17409.9 b:24413.7 c:22319.9
testbench.sv time    5000 cycle   499     arg a:17020.4 b:5065.47 c:41843.9
testbench.sv time    5010 cycle   500     arg a:33081.5 b:26972.5 c:18168.7
testbench.sv time    5020 cycle   501     arg a:31562.8 b:11499 c:41233.3
testbench.sv time    5030 cycle   502     arg a:36743.7 b:38134.1 c:36084.8
testbench.sv time    5040 cycle   503     arg a:15847.3 b:25008.4 c:980.158
testbench.sv time    5050 cycle   504     arg a:9494.69 b:32706.6 c:28176.8
testbench.sv time    5060 cycle   505     arg a:4999.33 b:26344.3 c:10592.7
testbench.sv time    5070 cycle   506     arg a:23264.2 b:41750.1 c:39696.7
testbench.sv time    5080 cycle   507     arg a:29718.6 b:27885.6 c:34834.6
FAIL testbench.sv: res mismatch. Expected res_expected:5.2 4014cccccccccccd, actual res:8.77727e+21 447dbd10d70b8473
testbench.sv time    5090 cycle   508

number of transfers : arg 34 res 1 per 503 cycles
